This is XeTeX, Version 3.14159265-2.6-0.999991 (TeX Live 2019) (preloaded format=xelatex 2019.11.21)  9 JAN 2020 17:59
entering extended mode
 restricted \write18 enabled.
 file:line:error style messages enabled.
 %&-line parsing enabled.
**"/Users/xujingnan/Workspace/SDD/Software Design Document.tex"
(/Users/xujingnan/Workspace/SDD/Software Design Document.tex
LaTeX2e <2019-10-01>
(/usr/local/texlive/2019basic/texmf-dist/tex/latex/koma-script/scrreprt.cls
Document Class: scrreprt 2019/02/01 v3.26b KOMA-Script document class (report)
(/usr/local/texlive/2019basic/texmf-dist/tex/latex/koma-script/scrkbase.sty
Package: scrkbase 2019/02/01 v3.26b KOMA-Script package (KOMA-Script-dependent basics and keyval usage)
 (/usr/local/texlive/2019basic/texmf-dist/tex/latex/koma-script/scrbase.sty
Package: scrbase 2019/02/01 v3.26b KOMA-Script package (KOMA-Script-independent basics and keyval usage)
 (/usr/local/texlive/2019basic/texmf-dist/tex/latex/graphics/keyval.sty
Package: keyval 2014/10/28 v1.15 key=value parser (DPC)
\KV@toks@=\toks14
) (/usr/local/texlive/2019basic/texmf-dist/tex/latex/koma-script/scrlfile.sty
Package: scrlfile 2019/02/01 v3.26b KOMA-Script package (loading files)


LaTeX Warning: Command \InputIfFileExists  has changed.
               Check if current package is valid.

))) (/usr/local/texlive/2019basic/texmf-dist/tex/latex/koma-script/tocbasic.sty
Package: tocbasic 2019/02/01 v3.26b KOMA-Script package (handling toc-files)
\scr@dte@tocline@numberwidth=\skip41
\scr@dte@tocline@numbox=\box27
)
Package tocbasic Info: omitting babel extension for `toc'
(tocbasic)             because of feature `nobabel' available
(tocbasic)             for `toc' on input line 136.


Package scrreprt Warning: You've used obsolete option `16pt'.
(scrreprt)                Usage of this option indicates an old document
(scrreprt)                and changes compatibility level using
(scrreprt)                `fontsize=16pt,version=first,
(scrreprt)                enabledeprecatedfontcommands' that may result
(scrreprt)                in further warnings.
(scrreprt)                If you don't want this, you should simply
(scrreprt)                replace option `16pt' by `fontsize=16pt'.

Class scrreprt Info: Switching compatibility level to `first'.

Class scrreprt Warning: deprecated option `enabledeprecatedfontcommands'.
(scrreprt)              Note, that this option was already depreacted when
(scrreprt)              it has been defined. Support for old font commands
(scrreprt)              has been removed from KOMA-Script more than one
(scrreprt)              decade ago. It is not recommended to use them any
(scrreprt)              longer. Therefore usage of this class option also
(scrreprt)              is not recommended.

(/usr/local/texlive/2019basic/texmf-dist/tex/latex/koma-script/typearea.sty
Package: typearea 2019/02/01 v3.26b KOMA-Script package (type area)
\ta@bcor=\skip42
\ta@div=\count80
\ta@hblk=\skip43
\ta@vblk=\skip44
\ta@temp=\skip45
\footheight=\skip46


Package typearea Warning: DIV for 16.0pt and used papersize
(typearea)                not defined!
(typearea)                Using DIV=calc.

DIV calculation for typearea with good linewidth.
Package typearea Info: These are the values describing the layout:
(typearea)             DIV  = 15
(typearea)             BCOR = 0.0pt
(typearea)             \paperwidth      = 597.50793pt
(typearea)              \textwidth      = 478.00635pt
(typearea)              DIV departure   = 1%
(typearea)              \evensidemargin = -12.5192pt
(typearea)              \oddsidemargin  = -12.5192pt
(typearea)             \paperheight     = 845.04694pt
(typearea)              \textheight     = 687.99829pt
(typearea)              \topmargin      = -68.7334pt
(typearea)              \headheight     = 23.99994pt
(typearea)              \headsep        = 28.79993pt
(typearea)              \topskip        = 16.0pt
(typearea)              \footskip       = 67.19983pt
(typearea)              \baselineskip   = 19.19995pt
(typearea)              on input line 1715.
)
\c@part=\count81
\c@chapter=\count82
\c@section=\count83
\c@subsection=\count84
\c@subsubsection=\count85
\c@paragraph=\count86
\c@subparagraph=\count87
\scr@dte@chapter@maxnumwidth=\skip47
Class scrreprt Info: using compatibility default `afterindent=bysign'
(scrreprt)           for `\chapter on input line 5305.
\scr@dte@section@maxnumwidth=\skip48
Class scrreprt Info: using compatibility default `runin=bysign'
(scrreprt)           for `\section on input line 5315.
Class scrreprt Info: using compatibility default `afterindent=bysign'
(scrreprt)           for `\section on input line 5315.
\scr@dte@part@maxnumwidth=\skip49
Class scrreprt Info: using compatibility default `afterindent=true'
(scrreprt)           for `\part on input line 5324.
\scr@dte@subsection@maxnumwidth=\skip50
Class scrreprt Info: using compatibility default `runin=bysign'
(scrreprt)           for `\subsection on input line 5334.
Class scrreprt Info: using compatibility default `afterindent=bysign'
(scrreprt)           for `\subsection on input line 5334.
\scr@dte@subsubsection@maxnumwidth=\skip51
Class scrreprt Info: using compatibility default `runin=bysign'
(scrreprt)           for `\subsubsection on input line 5344.
Class scrreprt Info: using compatibility default `afterindent=bysign'
(scrreprt)           for `\subsubsection on input line 5344.
\scr@dte@paragraph@maxnumwidth=\skip52
Class scrreprt Info: using compatibility default `runin=bysign'
(scrreprt)           for `\paragraph on input line 5354.
Class scrreprt Info: using compatibility default `afterindent=bysign'
(scrreprt)           for `\paragraph on input line 5354.
\scr@dte@subparagraph@maxnumwidth=\skip53
Class scrreprt Info: using compatibility default `runin=bysign'
(scrreprt)           for `\subparagraph on input line 5364.
Class scrreprt Info: using compatibility default `afterindent=bysign'
(scrreprt)           for `\subparagraph on input line 5364.
\abovecaptionskip=\skip54
\belowcaptionskip=\skip55
\c@pti@nb@sid@b@x=\box28
Package tocbasic Info: omitting babel extension for `lof'
(tocbasic)             because of feature `nobabel' available
(tocbasic)             for `lof' on input line 6613.
\scr@dte@figure@maxnumwidth=\skip56
\c@figure=\count88
Package tocbasic Info: omitting babel extension for `lot'
(tocbasic)             because of feature `nobabel' available
(tocbasic)             for `lot' on input line 6630.
\scr@dte@table@maxnumwidth=\skip57
\c@table=\count89
Class scrreprt Info: Using old \@makefntext due to compatibility level
(scrreprt)           less than 3.22 on input line 6786.
Class scrreprt Info: Redefining `\numberline' on input line 6799.
\bibindent=\dimen102
) (/usr/local/texlive/2019basic/texmf-dist/tex/latex/tools/longtable.sty
Package: longtable 2019/02/06 v4.12 Multi-page Table package (DPC)
\LTleft=\skip58
\LTright=\skip59
\LTpre=\skip60
\LTpost=\skip61
\LTchunksize=\count90
\LTcapwidth=\dimen103
\LT@head=\box29
\LT@firsthead=\box30
\LT@foot=\box31
\LT@lastfoot=\box32
\LT@cols=\count91
\LT@rows=\count92
\c@LT@tables=\count93
\c@LT@chunks=\count94
\LT@p@ftn=\toks15
)
Class scrreprt Info: longtable captions redefined on input line 23.
 (/usr/local/texlive/2019basic/texmf-dist/tex/latex/base/fontenc.sty
Package: fontenc 2018/08/11 v2.0j Standard LaTeX package
 (/usr/local/texlive/2019basic/texmf-dist/tex/latex/base/t1enc.def
File: t1enc.def 2018/08/11 v2.0j Standard LaTeX file
LaTeX Font Info:    Redeclaring font encoding T1 on input line 48.
)
LaTeX Font Info:    Trying to load font information for T1+lmr on input line 105.
 (/usr/local/texlive/2019basic/texmf-dist/tex/latex/lm/t1lmr.fd
File: t1lmr.fd 2009/10/30 v1.6 Font defs for Latin Modern
)) (/usr/local/texlive/2019basic/texmf-dist/tex/latex/base/inputenc.sty
Package: inputenc 2018/08/11 v1.3c Input encoding file
\inpenc@prehook=\toks16
\inpenc@posthook=\toks17


Package inputenc Warning: inputenc package ignored with utf8 based engines.

) (/usr/local/texlive/2019basic/texmf-dist/tex/latex/float/float.sty
Package: float 2001/11/08 v1.3d Float enhancements (AL)
\c@float@type=\count95
\float@exts=\toks18
\float@box=\box33
\@float@everytoks=\toks19
\@floatcapt=\box34
) (/usr/local/texlive/2019basic/texmf-dist/tex/latex/graphics/graphicx.sty
Package: graphicx 2017/06/01 v1.1a Enhanced LaTeX Graphics (DPC,SPQR)
 (/usr/local/texlive/2019basic/texmf-dist/tex/latex/graphics/graphics.sty
Package: graphics 2019/07/20 v1.3b Standard LaTeX Graphics (DPC,SPQR)
 (/usr/local/texlive/2019basic/texmf-dist/tex/latex/graphics/trig.sty
Package: trig 2016/01/03 v1.10 sin cos tan (DPC)
) (/usr/local/texlive/2019basic/texmf-dist/tex/latex/graphics-cfg/graphics.cfg
File: graphics.cfg 2016/06/04 v1.11 sample graphics configuration
)
Package graphics Info: Driver file: xetex.def on input line 105.
 (/usr/local/texlive/2019basic/texmf-dist/tex/latex/graphics-def/xetex.def
File: xetex.def 2017/06/24 v5.0h Graphics/color driver for xetex
))
\Gin@req@height=\dimen104
\Gin@req@width=\dimen105
) (/usr/local/texlive/2019basic/texmf-dist/tex/latex/makecell/makecell.sty
Package: makecell 2009/08/03 V0.1e Managing of Tab Column Heads and Cells
 (/usr/local/texlive/2019basic/texmf-dist/tex/latex/tools/array.sty
Package: array 2019/08/31 v2.4l Tabular extension package (FMi)
\col@sep=\dimen106
\ar@mcellbox=\box35
\extrarowheight=\dimen107
\NC@list=\toks20
\extratabsurround=\skip62
\backup@length=\skip63
\ar@cellbox=\box36
)
\rotheadsize=\dimen108
\c@nlinenum=\count96
\TeXr@lab=\toks21
) (/usr/local/texlive/2019basic/texmf-dist/tex/latex/listings/listings.sty
\lst@mode=\count97
\lst@gtempboxa=\box37
\lst@token=\toks22
\lst@length=\count98
\lst@currlwidth=\dimen109
\lst@column=\count99
\lst@pos=\count100
\lst@lostspace=\dimen110
\lst@width=\dimen111
\lst@newlines=\count101
\lst@lineno=\count102
\lst@maxwidth=\dimen112
 (/usr/local/texlive/2019basic/texmf-dist/tex/latex/listings/lstmisc.sty
File: lstmisc.sty 2019/09/10 1.8c (Carsten Heinz)
\c@lstnumber=\count103
\lst@skipnumbers=\count104
\lst@framebox=\box38
) (/usr/local/texlive/2019basic/texmf-dist/tex/latex/listings/listings.cfg
File: listings.cfg 2019/09/10 1.8c listings configuration
))
Package: listings 2019/09/10 1.8c (Carsten Heinz)
 (/usr/local/texlive/2019basic/texmf-dist/tex/latex/xcolor/xcolor.sty
Package: xcolor 2016/05/11 v2.12 LaTeX color extensions (UK)
 (/usr/local/texlive/2019basic/texmf-dist/tex/latex/graphics-cfg/color.cfg
File: color.cfg 2016/01/02 v1.6 sample color configuration
)
Package xcolor Info: Driver file: xetex.def on input line 225.
Package xcolor Info: Model `cmy' substituted by `cmy0' on input line 1348.
Package xcolor Info: Model `RGB' extended on input line 1364.
Package xcolor Info: Model `HTML' substituted by `rgb' on input line 1366.
Package xcolor Info: Model `Hsb' substituted by `hsb' on input line 1367.
Package xcolor Info: Model `tHsb' substituted by `hsb' on input line 1368.
Package xcolor Info: Model `HSB' substituted by `hsb' on input line 1369.
Package xcolor Info: Model `Gray' substituted by `gray' on input line 1370.
Package xcolor Info: Model `wave' substituted by `hsb' on input line 1371.
) (/usr/local/texlive/2019basic/texmf-dist/tex/latex/hyperref/hyperref.sty
Package: hyperref 2019/09/28 v7.00a Hypertext links for LaTeX
 (/usr/local/texlive/2019basic/texmf-dist/tex/generic/oberdiek/hobsub-hyperref.sty
Package: hobsub-hyperref 2016/05/16 v1.14 Bundle oberdiek, subset hyperref (HO)
 (/usr/local/texlive/2019basic/texmf-dist/tex/generic/oberdiek/hobsub-generic.sty
Package: hobsub-generic 2016/05/16 v1.14 Bundle oberdiek, subset generic (HO)
Package: hobsub 2016/05/16 v1.14 Construct package bundles (HO)
Package: infwarerr 2016/05/16 v1.4 Providing info/warning/error messages (HO)
Package: ltxcmds 2016/05/16 v1.23 LaTeX kernel commands for general use (HO)
Package: ifluatex 2016/05/16 v1.4 Provides the ifluatex switch (HO)
Package ifluatex Info: LuaTeX not detected.
Package: ifvtex 2016/05/16 v1.6 Detect VTeX and its facilities (HO)
Package ifvtex Info: VTeX not detected.
Package: intcalc 2016/05/16 v1.2 Expandable calculations with integers (HO)
Package: ifpdf 2018/09/07 v3.3 Provides the ifpdf switch
Package: etexcmds 2016/05/16 v1.6 Avoid name clashes with e-TeX commands (HO)
Package: kvsetkeys 2016/05/16 v1.17 Key value parser (HO)
Package: kvdefinekeys 2016/05/16 v1.4 Define keys (HO)
Package: pdftexcmds 2019/07/25 v0.30 Utility functions of pdfTeX for LuaTeX (HO)
Package pdftexcmds Info: LuaTeX not detected.
Package pdftexcmds Info: pdfTeX >= 1.30 not detected.
Package pdftexcmds Info: \pdf@primitive is available.
Package pdftexcmds Info: \pdf@ifprimitive is available.
Package pdftexcmds Info: \pdfdraftmode not found.
Package: pdfescape 2016/05/16 v1.14 Implements pdfTeX's escape features (HO)
Package: bigintcalc 2016/05/16 v1.4 Expandable calculations on big integers (HO)
Package: bitset 2016/05/16 v1.2 Handle bit-vector datatype (HO)
Package: uniquecounter 2016/05/16 v1.3 Provide unlimited unique counter (HO)
)
Package hobsub Info: Skipping package `hobsub' (already loaded).
Package: letltxmacro 2016/05/16 v1.5 Let assignment for LaTeX macros (HO)
Package: hopatch 2016/05/16 v1.3 Wrapper for package hooks (HO)
Package: xcolor-patch 2016/05/16 xcolor patch
Package: atveryend 2016/05/16 v1.9 Hooks at the very end of document (HO)
Package atveryend Info: \enddocument detected (standard20110627).
Package: atbegshi 2016/06/09 v1.18 At begin shipout hook (HO)
Package: refcount 2016/05/16 v3.5 Data extraction from label references (HO)
Package: hycolor 2016/05/16 v1.8 Color options for hyperref/bookmark (HO)
) (/usr/local/texlive/2019basic/texmf-dist/tex/generic/ifxetex/ifxetex.sty
Package: ifxetex 2010/09/12 v0.6 Provides ifxetex conditional
) (/usr/local/texlive/2019basic/texmf-dist/tex/latex/oberdiek/auxhook.sty
Package: auxhook 2016/05/16 v1.4 Hooks for auxiliary files (HO)
) (/usr/local/texlive/2019basic/texmf-dist/tex/latex/oberdiek/kvoptions.sty
Package: kvoptions 2016/05/16 v3.12 Key value format for package options (HO)
)
\@linkdim=\dimen113
\Hy@linkcounter=\count105
\Hy@pagecounter=\count106
 (/usr/local/texlive/2019basic/texmf-dist/tex/latex/hyperref/pd1enc.def
File: pd1enc.def 2019/09/28 v7.00a Hyperref: PDFDocEncoding definition (HO)
)
\Hy@SavedSpaceFactor=\count107
 (/usr/local/texlive/2019basic/texmf-dist/tex/latex/latexconfig/hyperref.cfg
File: hyperref.cfg 2002/06/06 v1.2 hyperref configuration of TeXLive
)
Package hyperref Info: Option `bookmarks' set `true' on input line 4414.
Package hyperref Info: Hyper figures OFF on input line 4540.
Package hyperref Info: Link nesting OFF on input line 4545.
Package hyperref Info: Hyper index ON on input line 4548.
Package hyperref Info: Plain pages OFF on input line 4555.
Package hyperref Info: Backreferencing OFF on input line 4560.
Package hyperref Info: Implicit mode ON; LaTeX internals redefined.
Package hyperref Info: Bookmarks ON on input line 4793.
\c@Hy@tempcnt=\count108
 (/usr/local/texlive/2019basic/texmf-dist/tex/latex/url/url.sty
\Urlmuskip=\muskip10
Package: url 2013/09/16  ver 3.4  Verb mode for urls, etc.
)
LaTeX Info: Redefining \url on input line 5152.
\XeTeXLinkMargin=\dimen114
\Fld@menulength=\count109
\Field@Width=\dimen115
\Fld@charsize=\dimen116
Package hyperref Info: Hyper figures OFF on input line 6423.
Package hyperref Info: Link nesting OFF on input line 6428.
Package hyperref Info: Hyper index ON on input line 6431.
Package hyperref Info: backreferencing OFF on input line 6438.
Package hyperref Info: Link coloring OFF on input line 6443.
Package hyperref Info: Link coloring with OCG OFF on input line 6448.
Package hyperref Info: PDF/A mode OFF on input line 6453.
LaTeX Info: Redefining \ref on input line 6493.
LaTeX Info: Redefining \pageref on input line 6497.
\Hy@abspage=\count110
\c@Item=\count111
\c@Hfootnote=\count112
)
Package hyperref Info: Driver (autodetected): hxetex.
 (/usr/local/texlive/2019basic/texmf-dist/tex/latex/hyperref/hxetex.def
File: hxetex.def 2019/09/28 v7.00a Hyperref driver for XeTeX
 (/usr/local/texlive/2019basic/texmf-dist/tex/latex/hyperref/puenc.def
File: puenc.def 2019/09/28 v7.00a Hyperref: PDF Unicode definition (HO)
) (/usr/local/texlive/2019basic/texmf-dist/tex/generic/oberdiek/stringenc.sty
Package: stringenc 2016/05/16 v1.11 Convert strings between diff. encodings (HO)
)
\pdfm@box=\box39
\c@Hy@AnnotLevel=\count113
\HyField@AnnotCount=\count114
\Fld@listcount=\count115
\c@bookmark@seq@number=\count116
 (/usr/local/texlive/2019basic/texmf-dist/tex/latex/oberdiek/rerunfilecheck.sty
Package: rerunfilecheck 2016/05/16 v1.8 Rerun checks for auxiliary files (HO)
Package uniquecounter Info: New unique counter `rerunfilecheck' on input line 282.
)
\Hy@SectionHShift=\skip64
) (/usr/local/texlive/2019basic/texmf-dist/tex/generic/babel/babel.sty
Package: babel 2019/09/27 3.34 The Babel package
 (/usr/local/texlive/2019basic/texmf-dist/tex/generic/babel/switch.def
File: switch.def 2019/09/27 3.34 Babel switching mechanism
) (/usr/local/texlive/2019basic/texmf-dist/tex/generic/babel-english/english.ldf
Language: english 2017/06/06 v3.3r English support from the babel system
 (/usr/local/texlive/2019basic/texmf-dist/tex/generic/babel/babel.def
File: babel.def 2019/09/27 3.34 Babel common definitions
\babel@savecnt=\count117
\U@D=\dimen117
 (/usr/local/texlive/2019basic/texmf-dist/tex/generic/babel/xebabel.def (/usr/local/texlive/2019basic/texmf-dist/tex/generic/babel/txtbabel.def))
\bbl@dirlevel=\count118
)
\l@canadian = a dialect from \language\l@american 
\l@australian = a dialect from \language\l@british 
\l@newzealand = a dialect from \language\l@british 
))

Package hyperref Warning: Option `bookmarks' has already been used,
(hyperref)                setting the option has no effect on input line 47.

(/usr/local/texlive/2019basic/texmf-dist/tex/generic/oberdiek/se-ascii-print.def
File: se-ascii-print.def 2016/05/16 v1.11 stringenc: Printable ASCII characters
)
Package hyperref Info: Option `colorlinks' set `true' on input line 47.
 (/Users/xujingnan/Workspace/SDD/Software Design Document.aux

LaTeX Warning: Label `fig:SDD_1' multiply defined.

)
\openout1 = `"Software Design Document.aux"'.

LaTeX Font Info:    Checking defaults for OML/cmm/m/it on input line 53.
LaTeX Font Info:    ... okay on input line 53.
LaTeX Font Info:    Checking defaults for T1/cmr/m/n on input line 53.
LaTeX Font Info:    ... okay on input line 53.
LaTeX Font Info:    Checking defaults for OT1/cmr/m/n on input line 53.
LaTeX Font Info:    ... okay on input line 53.
LaTeX Font Info:    Checking defaults for OMS/cmsy/m/n on input line 53.
LaTeX Font Info:    ... okay on input line 53.
LaTeX Font Info:    Checking defaults for TU/lmr/m/n on input line 53.
LaTeX Font Info:    ... okay on input line 53.
LaTeX Font Info:    Checking defaults for OMX/cmex/m/n on input line 53.
LaTeX Font Info:    ... okay on input line 53.
LaTeX Font Info:    Checking defaults for U/cmr/m/n on input line 53.
LaTeX Font Info:    ... okay on input line 53.
LaTeX Font Info:    Checking defaults for PD1/pdf/m/n on input line 53.
LaTeX Font Info:    ... okay on input line 53.
LaTeX Font Info:    Checking defaults for PU/pdf/m/n on input line 53.
LaTeX Font Info:    ... okay on input line 53.
\c@lstlisting=\count119
\AtBeginShipoutBox=\box40
Package hyperref Info: Link coloring ON on input line 53.
 (/usr/local/texlive/2019basic/texmf-dist/tex/latex/hyperref/nameref.sty
Package: nameref 2019/09/16 v2.46 Cross-referencing by name of section
 (/usr/local/texlive/2019basic/texmf-dist/tex/generic/oberdiek/gettitlestring.sty
Package: gettitlestring 2016/05/16 v1.5 Cleanup title references (HO)
)
\c@section@level=\count120
)
LaTeX Info: Redefining \ref on input line 53.
LaTeX Info: Redefining \pageref on input line 53.
LaTeX Info: Redefining \nameref on input line 53.
 (/Users/xujingnan/Workspace/SDD/Software Design Document.out) (/Users/xujingnan/Workspace/SDD/Software Design Document.out)
\@outlinefile=\write3
\openout3 = `"Software Design Document.out"'.

Class scrreprt Info: loading recommended package `bookmark'.
(scrreprt)           Using `bookmark' together with `hyperref' is recommended,
(scrreprt)           because of handling of possible bookmark level gaps.
(scrreprt)           You can avoid loading `bookmark' with KOMA-Script option
(scrreprt)           `bookmarkpackage=false' before \begin{document} and
(scrreprt)           you can avoid this message with `\usepackage{bookmark}'
(scrreprt)           before \begin{document} on input line 53.
 (/usr/local/texlive/2019basic/texmf-dist/tex/latex/oberdiek/bookmark.sty
Package: bookmark 2019/06/04 v1.27 PDF bookmarks (HO)
 (/usr/local/texlive/2019basic/texmf-dist/tex/latex/oberdiek/bkm-dvipdfm.def
File: bkm-dvipdfm.def 2019/06/04 v1.27 bookmark driver for dvipdfm (HO)
\BKM@id=\count121
))
File: diagrams/logo.png Graphic file (type bmp)
<diagrams/logo.png>
 [1

]
LaTeX Font Info:    Trying to load font information for T1+lmss on input line 80.
 (/usr/local/texlive/2019basic/texmf-dist/tex/latex/lm/t1lmss.fd
File: t1lmss.fd 2009/10/30 v1.6 Font defs for Latin Modern
) (/Users/xujingnan/Workspace/SDD/Software Design Document.toc
LaTeX Font Info:    Calculating math sizes for size <16> on input line 3.


LaTeX Font Warning: Font shape `OT1/cmr/m/n' in size <16> not available
(Font)              size <17.28> substituted on input line 3.


LaTeX Font Warning: Font shape `OML/cmm/m/it' in size <16> not available
(Font)              size <17.28> substituted on input line 3.


LaTeX Font Warning: Font shape `OMS/cmsy/m/n' in size <16> not available
(Font)              size <17.28> substituted on input line 3.

LaTeX Font Info:    External font `cmex10' loaded for size
(Font)              <16> on input line 3.
LaTeX Font Info:    External font `cmex10' loaded for size
(Font)              <11.19995> on input line 3.
LaTeX Font Info:    External font `cmex10' loaded for size
(Font)              <8> on input line 3.
[2

])
\tf@toc=\write4
\openout4 = `"Software Design Document.toc"'.

 [3] [4]
Underfull \hbox (badness 2990) in paragraph at lines 105--105
[]|\T1/lmr/m/n/16 Finish Data Dic-tio-nary Re-
 []


Overfull \hbox (55.69044pt too wide) in paragraph at lines 85--108
 [] 
 []

[5

]
chapter 1.

Class scrreprt Warning: \float@addtolists detected!
(scrreprt)              Implementation of \float@addtolist became
(scrreprt)              deprecated in KOMA-Script v3.01 2008/11/14 and
(scrreprt)              has been replaced by several more flexible
(scrreprt)              features of package `tocbasic`.
(scrreprt)              Since Version 3.12 support for deprecated
(scrreprt)              \float@addtolist interface has been
(scrreprt)              restricted to only some of the KOMA-Script
(scrreprt)              features and been removed from others.
(scrreprt)              Loading of package `scrhack' may help to
(scrreprt)              avoid this warning, if you are using a
(scrreprt)              a package that still implements the
(scrreprt)              deprecated \float@addtolist interface .

Missing character: There is no ’ in font ec-lmr17!

Underfull \hbox (badness 10000) in paragraph at lines 116--117

 []

Missing character: There is no ’ in font ec-lmr17!

Underfull \hbox (badness 10000) in paragraph at lines 122--135

 []


Underfull \hbox (badness 10000) in paragraph at lines 122--135

 []


Underfull \hbox (badness 10000) in paragraph at lines 122--135

 []


Underfull \hbox (badness 10000) in paragraph at lines 122--135

 []


Underfull \hbox (badness 10000) in paragraph at lines 122--135

 []


Underfull \hbox (badness 10000) in paragraph at lines 122--135

 []

[6

]

Class scrreprt Warning: deprecated old font command `\bf' used.
(scrreprt)              You should note, that since 1994 LaTeX2e provides a
(scrreprt)              new font selection scheme called NFSS2 with several
(scrreprt)              new, combinable font commands. New KOMA-Script classes
(scrreprt)              defined the old font commands like `\bf' only for
(scrreprt)              compatibility with LaTeX 2.09 document styles of
(scrreprt)              Script 2.0. These commands are deprecated and
(scrreprt)              undocumented at least since 2003. Since 2013,
(scrreprt)              KOMA-Script classes warned about soon removement of
(scrreprt)              these deprecated commands. Now, after two decades of
(scrreprt)              LaTeX2e, NFSS2, and KOMA-Script these commands will
(scrreprt)              not work any longer. If loading a package results in
(scrreprt)              this message you should contact the author of that
(scrreprt)              package and ask him to replace the depracted font
(scrreprt)              command `\bf', e.g., by `\normalfont \bfseries '.
(scrreprt)              Otherwise you should reconfigure or replace the
(scrreprt)              package. If you have used the old font command
(scrreprt)              `\bf' yourself you should replace it, e.g., by
(scrreprt)              `\normalfont \bfseries ' on input line 140.


Class scrreprt Warning: deprecated old font command `\bf' used.
(scrreprt)              You should note, that since 1994 LaTeX2e provides a
(scrreprt)              new font selection scheme called NFSS2 with several
(scrreprt)              new, combinable font commands. New KOMA-Script classes
(scrreprt)              defined the old font commands like `\bf' only for
(scrreprt)              compatibility with LaTeX 2.09 document styles of
(scrreprt)              Script 2.0. These commands are deprecated and
(scrreprt)              undocumented at least since 2003. Since 2013,
(scrreprt)              KOMA-Script classes warned about soon removement of
(scrreprt)              these deprecated commands. Now, after two decades of
(scrreprt)              LaTeX2e, NFSS2, and KOMA-Script these commands will
(scrreprt)              not work any longer. If loading a package results in
(scrreprt)              this message you should contact the author of that
(scrreprt)              package and ask him to replace the depracted font
(scrreprt)              command `\bf', e.g., by `\normalfont \bfseries '.
(scrreprt)              Otherwise you should reconfigure or replace the
(scrreprt)              package. If you have used the old font command
(scrreprt)              `\bf' yourself you should replace it, e.g., by
(scrreprt)              `\normalfont \bfseries ' on input line 143.


Class scrreprt Warning: deprecated old font command `\bf' used.
(scrreprt)              You should note, that since 1994 LaTeX2e provides a
(scrreprt)              new font selection scheme called NFSS2 with several
(scrreprt)              new, combinable font commands. New KOMA-Script classes
(scrreprt)              defined the old font commands like `\bf' only for
(scrreprt)              compatibility with LaTeX 2.09 document styles of
(scrreprt)              Script 2.0. These commands are deprecated and
(scrreprt)              undocumented at least since 2003. Since 2013,
(scrreprt)              KOMA-Script classes warned about soon removement of
(scrreprt)              these deprecated commands. Now, after two decades of
(scrreprt)              LaTeX2e, NFSS2, and KOMA-Script these commands will
(scrreprt)              not work any longer. If loading a package results in
(scrreprt)              this message you should contact the author of that
(scrreprt)              package and ask him to replace the depracted font
(scrreprt)              command `\bf', e.g., by `\normalfont \bfseries '.
(scrreprt)              Otherwise you should reconfigure or replace the
(scrreprt)              package. If you have used the old font command
(scrreprt)              `\bf' yourself you should replace it, e.g., by
(scrreprt)              `\normalfont \bfseries ' on input line 147.


Class scrreprt Warning: deprecated old font command `\bf' used.
(scrreprt)              You should note, that since 1994 LaTeX2e provides a
(scrreprt)              new font selection scheme called NFSS2 with several
(scrreprt)              new, combinable font commands. New KOMA-Script classes
(scrreprt)              defined the old font commands like `\bf' only for
(scrreprt)              compatibility with LaTeX 2.09 document styles of
(scrreprt)              Script 2.0. These commands are deprecated and
(scrreprt)              undocumented at least since 2003. Since 2013,
(scrreprt)              KOMA-Script classes warned about soon removement of
(scrreprt)              these deprecated commands. Now, after two decades of
(scrreprt)              LaTeX2e, NFSS2, and KOMA-Script these commands will
(scrreprt)              not work any longer. If loading a package results in
(scrreprt)              this message you should contact the author of that
(scrreprt)              package and ask him to replace the depracted font
(scrreprt)              command `\bf', e.g., by `\normalfont \bfseries '.
(scrreprt)              Otherwise you should reconfigure or replace the
(scrreprt)              package. If you have used the old font command
(scrreprt)              `\bf' yourself you should replace it, e.g., by
(scrreprt)              `\normalfont \bfseries ' on input line 151.


Overfull \hbox (3.85251pt too wide) in paragraph at lines 160--160
[]|\T1/lmr/m/n/16 Admin/Administrator| 
 []


Underfull \hbox (badness 2790) in paragraph at lines 161--161
[]|\T1/lmr/m/n/16 User's ba-sic in-for-ma-tion in-clud-ing user's
 []


Underfull \hbox (badness 10000) in paragraph at lines 170--170
[]|\T1/lmr/m/n/16 Recommendation
 []


Underfull \hbox (badness 2229) in paragraph at lines 184--184
[]|\T1/lmr/m/n/16 Comparison Sub-sys-
 []


Underfull \hbox (badness 10000) in paragraph at lines 186--186
[]|\T1/lmr/m/n/16 Correction Sub-sys-
 []

[7] [8] [9]
Underfull \hbox (badness 10000) in paragraph at lines 198--199

 []

Missing character: There is no “ in font ec-lmr17!
Missing character: There is no ” in font ec-lmr17!

Underfull \hbox (badness 10000) in paragraph at lines 200--201

 []


Underfull \hbox (badness 10000) in paragraph at lines 202--203

 []

Missing character: There is no ’ in font ec-lmr17!

Underfull \hbox (badness 10000) in paragraph at lines 204--205

 []

[10]
Underfull \hbox (badness 10000) in paragraph at lines 207--208

 []

Missing character: There is no ’ in font ec-lmr17!

Underfull \hbox (badness 10000) in paragraph at lines 209--210

 []

Missing character: There is no “ in font ec-lmr17!
Missing character: There is no ” in font ec-lmr17!

Underfull \hbox (badness 10000) in paragraph at lines 211--212

 []

Missing character: There is no “ in font ec-lmr17!
Missing character: There is no ” in font ec-lmr17!
[11]
chapter 2.

Underfull \hbox (badness 10000) in paragraph at lines 222--223

 []

File: diagrams/big-user-case.png Graphic file (type bmp)
<diagrams/big-user-case.png>
[12

]
Underfull \hbox (badness 10000) in paragraph at lines 236--237

 []


Underfull \hbox (badness 10000) in paragraph at lines 238--239

 []


Underfull \hbox (badness 10000) in paragraph at lines 241--242

 []


Underfull \hbox (badness 10000) in paragraph at lines 244--245

 []


Underfull \hbox (badness 10000) in paragraph at lines 247--248

 []

[13]
Underfull \hbox (badness 10000) in paragraph at lines 250--251

 []


Underfull \hbox (badness 10000) in paragraph at lines 253--254

 []


Underfull \hbox (badness 10000) in paragraph at lines 256--257

 []


Underfull \hbox (badness 10000) in paragraph at lines 259--260

 []


Underfull \hbox (badness 10000) in paragraph at lines 262--263

 []


Underfull \hbox (badness 10000) in paragraph at lines 265--266

 []


Underfull \hbox (badness 10000) in paragraph at lines 267--268

 []


Underfull \hbox (badness 10000) in paragraph at lines 269--270

 []


Underfull \hbox (badness 10000) in paragraph at lines 272--273

 []


Underfull \hbox (badness 10000) in paragraph at lines 275--276

 []


Underfull \hbox (badness 10000) in paragraph at lines 278--279

 []


Underfull \hbox (badness 10000) in paragraph at lines 281--282

 []


Overfull \hbox (1.23773pt too wide) in paragraph at lines 287--300
 [] 
 []

[14]
Underfull \hbox (badness 10000) in paragraph at lines 309--310

 []


Underfull \hbox (badness 10000) in paragraph at lines 312--313

 []


Underfull \hbox (badness 10000) in paragraph at lines 315--316

 []


Underfull \hbox (badness 10000) in paragraph at lines 318--319

 []


Underfull \hbox (badness 10000) in paragraph at lines 321--322

 []


Underfull \hbox (badness 10000) in paragraph at lines 324--325

 []


Underfull \hbox (badness 10000) in paragraph at lines 327--328

 []


Underfull \hbox (badness 10000) in paragraph at lines 330--331

 []

[15]
Underfull \hbox (badness 10000) in paragraph at lines 333--334

 []


Underfull \hbox (badness 10000) in paragraph at lines 339--340

 []


Underfull \hbox (badness 10000) in paragraph at lines 342--343

 []


Underfull \hbox (badness 10000) in paragraph at lines 345--346

 []


Underfull \hbox (badness 10000) in paragraph at lines 348--349

 []


Underfull \hbox (badness 10000) in paragraph at lines 351--352

 []


Underfull \hbox (badness 10000) in paragraph at lines 354--355

 []


Underfull \hbox (badness 10000) in paragraph at lines 357--358

 []


Underfull \hbox (badness 10000) in paragraph at lines 386--387

 []

[16]
Underfull \hbox (badness 10000) in paragraph at lines 389--390

 []


Underfull \hbox (badness 10000) in paragraph at lines 392--393

 []


Underfull \hbox (badness 10000) in paragraph at lines 398--399

 []


Underfull \hbox (badness 10000) in paragraph at lines 401--402

 []


Underfull \hbox (badness 10000) in paragraph at lines 410--412

 []


Underfull \hbox (badness 10000) in paragraph at lines 414--415

 []


Underfull \hbox (badness 10000) in paragraph at lines 417--418

 []

[17]
Underfull \hbox (badness 10000) in paragraph at lines 420--421

 []


Underfull \hbox (badness 10000) in paragraph at lines 423--427

 []

[18]
chapter 3.
File: diagrams/SDD_Diagrams.pdf Graphic file (type pdf)
<use diagrams/SDD_Diagrams.pdf, page 1>
File: diagrams/SDD_Diagrams.pdf Graphic file (type pdf)
<use diagrams/SDD_Diagrams.pdf, page 2>
[19

]
Underfull \hbox (badness 10000) in paragraph at lines 450--451

 []


Underfull \hbox (badness 10000) in paragraph at lines 452--453

 []

File: diagrams/userinfocom.png Graphic file (type bmp)
<diagrams/userinfocom.png>
[20]
File: diagrams/detection-com.png Graphic file (type bmp)
<diagrams/detection-com.png>
File: diagrams/course-management.png Graphic file (type bmp)
<diagrams/course-management.png>
 [21]
File: diagrams/appraisal.png Graphic file (type bmp)
<diagrams/appraisal.png>
 [22]
File: diagrams/comparison.png Graphic file (type bmp)
<diagrams/comparison.png>
 [23]
File: diagrams/correction.png Graphic file (type bmp)
<diagrams/correction.png>
 [24]
Underfull \hbox (badness 10000) in paragraph at lines 500--501

 []


Underfull \hbox (badness 10000) in paragraph at lines 502--503

 []


Underfull \hbox (badness 10000) in paragraph at lines 504--505

 []


Underfull \hbox (badness 10000) in paragraph at lines 506--507

 []

File: diagrams/navigation.png Graphic file (type bmp)
<diagrams/navigation.png>
[25] [26]
chapter 4.

Underfull \hbox (badness 10000) in paragraph at lines 522--523

 []


Underfull \hbox (badness 10000) in paragraph at lines 524--525

 []

File: diagrams/userinfo.png Graphic file (type bmp)
<diagrams/userinfo.png>
[27

]
LaTeX Font Info:    Trying to load font information for OMS+lmr on input line 534.
 (/usr/local/texlive/2019basic/texmf-dist/tex/latex/lm/omslmr.fd
File: omslmr.fd 2009/10/30 v1.6 Font defs for Latin Modern
)
LaTeX Font Info:    Trying to load font information for OMS+lmsy on input line 534.
 (/usr/local/texlive/2019basic/texmf-dist/tex/latex/lm/omslmsy.fd
File: omslmsy.fd 2009/10/30 v1.6 Font defs for Latin Modern
)
LaTeX Font Info:    Font shape `OMS/lmr/m/n' in size <16> not available
(Font)              Font shape `OMS/lmsy/m/n' tried instead on input line 534.
File: diagrams/login.png Graphic file (type bmp)
<diagrams/login.png>
 [28]
Overfull \hbox (12.78499pt too wide) in paragraph at lines 553--568
 [] 
 []

[29]
Underfull \hbox (badness 10000) in paragraph at lines 569--570

 []


Underfull \hbox (badness 10000) in paragraph at lines 577--578

 []

File: diagrams/register.png Graphic file (type bmp)
<diagrams/register.png>
[30]
Overfull \hbox (12.78499pt too wide) in paragraph at lines 593--608
 [] 
 []

[31]
Underfull \hbox (badness 10000) in paragraph at lines 609--610

 []

File: diagrams/checkuserinfo.png Graphic file (type bmp)
<diagrams/checkuserinfo.png>
[32]
Overfull \hbox (12.78499pt too wide) in paragraph at lines 627--642
 [] 
 []


Underfull \hbox (badness 10000) in paragraph at lines 643--644

 []

[33]
File: diagrams/updateinfo.png Graphic file (type bmp)
<diagrams/updateinfo.png>
 [34]
Overfull \hbox (12.78499pt too wide) in paragraph at lines 667--682
 [] 
 []

[35]
Underfull \hbox (badness 10000) in paragraph at lines 683--684

 []


Underfull \hbox (badness 10000) in paragraph at lines 692--693

 []


Underfull \hbox (badness 10000) in paragraph at lines 694--695

 []

File: diagrams/detection.png Graphic file (type bmp)
<diagrams/detection.png>
[36]
File: diagrams/video.png Graphic file (type bmp)
<diagrams/video.png>
 [37]
Overfull \hbox (41.23773pt too wide) in paragraph at lines 721--739
 [] 
 []

[38]
Underfull \hbox (badness 10000) in paragraph at lines 740--741

 []


Underfull \hbox (badness 10000) in paragraph at lines 750--751

 []

[39]
Underfull \hbox (badness 10000) in paragraph at lines 752--753

 []


Underfull \hbox (badness 10000) in paragraph at lines 754--755

 []

File: diagrams/course-module-diagram.png Graphic file (type bmp)
<diagrams/course-module-diagram.png>
[40] [41]
File: diagrams/user-add-course.jpg Graphic file (type bmp)
<diagrams/user-add-course.jpg>
 [42]
Overfull \hbox (12.78499pt too wide) in paragraph at lines 786--801
 [] 
 []

[43]
Underfull \hbox (badness 10000) in paragraph at lines 802--803

 []

File: diagrams/user-remove-course.jpg Graphic file (type bmp)
<diagrams/user-remove-course.jpg>
[44]
Overfull \hbox (12.78499pt too wide) in paragraph at lines 821--836
 [] 
 []

[45]
Underfull \hbox (badness 10000) in paragraph at lines 837--838

 []

File: diagrams/mycourse.jpg Graphic file (type bmp)
<diagrams/mycourse.jpg>
[46]
Overfull \hbox (12.78499pt too wide) in paragraph at lines 856--871
 [] 
 []


Underfull \hbox (badness 10000) in paragraph at lines 872--873

 []

[47]
File: diagrams/recommend.jpg Graphic file (type bmp)
<diagrams/recommend.jpg>
 [48]
Overfull \hbox (12.78499pt too wide) in paragraph at lines 891--906
 [] 
 []


Underfull \hbox (badness 10000) in paragraph at lines 907--908

 []

File: diagrams/fitness-courses.jpg Graphic file (type bmp)
<diagrams/fitness-courses.jpg>
[49]
Overfull \hbox (12.78499pt too wide) in paragraph at lines 927--942
 [] 
 []


Underfull \hbox (badness 10000) in paragraph at lines 943--944

 []

[50]
File: diagrams/rehabilitation-courses.jpg Graphic file (type bmp)
<diagrams/rehabilitation-courses.jpg>

Overfull \hbox (12.78499pt too wide) in paragraph at lines 961--976
 [] 
 []

[51]
Underfull \hbox (badness 10000) in paragraph at lines 977--978

 []

File: diagrams/admin-add-course.jpg Graphic file (type bmp)
<diagrams/admin-add-course.jpg>
[52]
Overfull \hbox (12.78499pt too wide) in paragraph at lines 995--1010
 [] 
 []

[53]
Underfull \hbox (badness 10000) in paragraph at lines 1011--1012

 []

Missing character: There is no ’ in font ec-lmr17!

Underfull \hbox (badness 10000) in paragraph at lines 1020--1022

 []

File: diagrams/class-comparison.png Graphic file (type bmp)
<diagrams/class-comparison.png>
[54]
File: diagrams/flow-comparison.png Graphic file (type bmp)
<diagrams/flow-comparison.png>
 [55]
File: diagrams/class-correction.png Graphic file (type bmp)
<diagrams/class-correction.png>
 [56]
File: diagrams/flow-corrcetion.png Graphic file (type bmp)
<diagrams/flow-corrcetion.png>
 [57]
File: diagrams/class-appraisal.png Graphic file (type bmp)
<diagrams/class-appraisal.png>
 [58]
Missing character: There is no ’ in font ec-lmr17!
File: diagrams/flow-appraisal.png Graphic file (type bmp)
<diagrams/flow-appraisal.png>
 [59]
File: diagrams/flow-ViewMark.png Graphic file (type bmp)
<diagrams/flow-ViewMark.png>
 [60]
Overfull \hbox (12.78499pt too wide) in paragraph at lines 1115--1126
 [] 
 []

[61]
File: diagrams/flow-ViewReport.png Graphic file (type bmp)
<diagrams/flow-ViewReport.png>
 [62]
chapter 5.
Missing character: There is no ， in font ec-lmr17!
File: diagrams/getusername1.png Graphic file (type bmp)
<diagrams/getusername1.png>
[63

]
Overfull \hbox (13.03532pt too wide) in paragraph at lines 1202--1203
\T1/lmr/m/n/16 sta-tus) with cor-re-spond-ing user-Name in ta-ble user of the database. 
 []

File: diagrams/getuserinfo.png Graphic file (type bmp)
<diagrams/getuserinfo.png>
File: diagrams/registerfunc.png Graphic file (type bmp)
<diagrams/registerfunc.png>
[64]
File: diagrams/loginfunc.png Graphic file (type bmp)
<diagrams/loginfunc.png>
 [65]
File: diagrams/updateinfofunc.png Graphic file (type bmp)
<diagrams/updateinfofunc.png>
 [66]
File: diagrams/userfunc.png Graphic file (type bmp)
<diagrams/userfunc.png>
File: diagrams/getid.png Graphic file (type bmp)
<diagrams/getid.png>
 [67]
File: diagrams/setid.png Graphic file (type bmp)
<diagrams/setid.png>
File: diagrams/getname.png Graphic file (type bmp)
<diagrams/getname.png>
File: diagrams/setname.png Graphic file (type bmp)
<diagrams/setname.png>
 [68]
Overfull \hbox (5.61412pt too wide) in paragraph at lines 1329--1330
[]\T1/lmr/m/n/16 Detail De-scrip-tion: To find the courses with cor-re-spond-ing course
 []

File: diagrams/getAllCourses.png Graphic file (type bmp)
<diagrams/getAllCourses.png>
[69]
File: diagrams/getRecommendation.png Graphic file (type bmp)
<diagrams/getRecommendation.png>
File: diagrams/getCourseFirstImage.png Graphic file (type bmp)
<diagrams/getCourseFirstImage.png>
 [70]
File: diagrams/userAddCourse.png Graphic file (type bmp)
<diagrams/userAddCourse.png>
 [71]
File: diagrams/updateComments.png Graphic file (type bmp)
<diagrams/updateComments.png>
 [72]
File: diagrams/exercisefunc.png Graphic file (type bmp)
<diagrams/exercisefunc.png>
File: diagrams/ex-getid.png Graphic file (type bmp)
<diagrams/ex-getid.png>
File: diagrams/ex-setid.png Graphic file (type bmp)
<diagrams/ex-setid.png>
 [73]
File: diagrams/ex-getdesc.png Graphic file (type bmp)
<diagrams/ex-getdesc.png>
File: diagrams/ex-setdesc.png Graphic file (type bmp)
<diagrams/ex-setdesc.png>
 [74]
File: diagrams/ex-gettype.png Graphic file (type bmp)
<diagrams/ex-gettype.png>
File: diagrams/ex-settype.png Graphic file (type bmp)
<diagrams/ex-settype.png>
File: diagrams/comparison-0.jpg Graphic file (type bmp)
<diagrams/comparison-0.jpg>
 [75]
File: diagrams/comparison-1.jpg Graphic file (type bmp)
<diagrams/comparison-1.jpg>
 [76]
File: diagrams/comparison-2.jpg Graphic file (type bmp)
<diagrams/comparison-2.jpg>
 [77]
File: diagrams/comparison-3.jpg Graphic file (type bmp)
<diagrams/comparison-3.jpg>
File: diagrams/comparison-4.jpg Graphic file (type bmp)
<diagrams/comparison-4.jpg>
 [78]
File: diagrams/correction-0.jpg Graphic file (type bmp)
<diagrams/correction-0.jpg>
 [79]
File: diagrams/correction-1.jpg Graphic file (type bmp)
<diagrams/correction-1.jpg>

Overfull \hbox (30.70613pt too wide) in paragraph at lines 1585--1586
[]\T1/lmr/m/n/16 getAllCourses(@RequestParam("type") String type, @Re-quest-Param("id")
 []

File: diagrams/appraisal-0.jpg Graphic file (type bmp)
<diagrams/appraisal-0.jpg>
[80]
File: diagrams/appraisal-1.jpg Graphic file (type bmp)
<diagrams/appraisal-1.jpg>
 [81]
chapter 6.
File: diagrams/login_register.png Graphic file (type bmp)
<diagrams/login_register.png>
File: diagrams/profile.png Graphic file (type bmp)
<diagrams/profile.png>
File: diagrams/mine.png Graphic file (type bmp)
<diagrams/mine.png>
[82

]
File: diagrams/rebuild.png Graphic file (type bmp)
<diagrams/rebuild.png>
File: diagrams/keep.png Graphic file (type bmp)
<diagrams/keep.png>
 [83]
File: diagrams/recommend.png Graphic file (type bmp)
<diagrams/recommend.png>
File: diagrams/comment.png Graphic file (type bmp)
<diagrams/comment.png>
 [84]
File: diagrams/report.png Graphic file (type bmp)
<diagrams/report.png>
File: diagrams/arrange.png Graphic file (type bmp)
<diagrams/arrange.png>
 [85]
File: diagrams/about-us.jpg Graphic file (type bmp)
<diagrams/about-us.jpg>
Package atveryend Info: Empty hook `BeforeClearDocument' on input line 1674.
 [86]
Package atveryend Info: Empty hook `AfterLastShipout' on input line 1674.
 (/Users/xujingnan/Workspace/SDD/Software Design Document.aux)
Package atveryend Info: Empty hook `AtVeryEndDocument' on input line 1674.
Package atveryend Info: Executing hook `AtEndAfterFileList' on input line 1674.
Package rerunfilecheck Info: File `"Software Design Document".out' has not changed.
(rerunfilecheck)             Checksum: .


LaTeX Font Warning: Size substitutions with differences
(Font)              up to 1.28pt have occurred.


LaTeX Warning: There were multiply-defined labels.

Package atveryend Info: Empty hook `AtVeryVeryEnd' on input line 1674.
 ) 
Here is how much of TeX's memory you used:
 13720 strings out of 493992
 214622 string characters out of 6161315
 437993 words of memory out of 5000000
 17936 multiletter control sequences out of 15000+600000
 29942 words of font info for 34 fonts, out of 8000000 for 9000
 319 hyphenation exceptions out of 8191
 42i,15n,68p,9158b,511s stack positions out of 5000i,500n,10000p,200000b,80000s

Output written on /Users/xujingnan/Workspace/SDD/Software Design Document.pdf (86 pages).
